CBMC version 5.4 64-bit x86_64 linux
Parsing ./s2n/stuffer/s2n_stuffer_file.c
Converting
Type-checking s2n_stuffer_file
Generating GOTO Program
Adding CPROVER library (x86_64)
Removal of function pointers and virtual functions
Partial Inlining
Generic Property Instrumentation
Starting Bounded Model Checking
Unwinding loop read.0 iteration 1 (10 max) file <builtin-library-read> line 27 function read thread 0
Unwinding loop read.0 iteration 2 (10 max) file <builtin-library-read> line 27 function read thread 0
Unwinding loop read.0 iteration 3 (10 max) file <builtin-library-read> line 27 function read thread 0
Unwinding loop read.0 iteration 4 (10 max) file <builtin-library-read> line 27 function read thread 0
Unwinding loop read.0 iteration 5 (10 max) file <builtin-library-read> line 27 function read thread 0
Unwinding loop read.0 iteration 6 (10 max) file <builtin-library-read> line 27 function read thread 0
Unwinding loop read.0 iteration 7 (10 max) file <builtin-library-read> line 27 function read thread 0
Unwinding loop read.0 iteration 8 (10 max) file <builtin-library-read> line 27 function read thread 0
Unwinding loop read.0 iteration 9 (10 max) file <builtin-library-read> line 27 function read thread 0
Not unwinding loop read.0 iteration 10 (10 max) file <builtin-library-read> line 27 function read thread 0
Unwinding loop read.1 iteration 1 (10 max) file <builtin-library-read> line 44 function read thread 0
Unwinding loop read.1 iteration 2 (10 max) file <builtin-library-read> line 44 function read thread 0
Unwinding loop read.1 iteration 3 (10 max) file <builtin-library-read> line 44 function read thread 0
Unwinding loop read.1 iteration 4 (10 max) file <builtin-library-read> line 44 function read thread 0
Unwinding loop read.1 iteration 5 (10 max) file <builtin-library-read> line 44 function read thread 0
Unwinding loop read.1 iteration 6 (10 max) file <builtin-library-read> line 44 function read thread 0
Unwinding loop read.1 iteration 7 (10 max) file <builtin-library-read> line 44 function read thread 0
Unwinding loop read.1 iteration 8 (10 max) file <builtin-library-read> line 44 function read thread 0
Unwinding loop read.1 iteration 9 (10 max) file <builtin-library-read> line 44 function read thread 0
Not unwinding loop read.1 iteration 10 (10 max) file <builtin-library-read> line 44 function read thread 0
size of program expression: 617 steps
simple slicing removed 44 assignments
Generated 24 VCC(s), 23 remaining after simplification
Passing problem to propositional reduction
converting SSA
Running propositional reduction
Post-processing
Solving with MiniSAT 2.2.1 with simplifier
16708 variables, 47632 clauses
SAT checker: instance is SATISFIABLE
Solving with MiniSAT 2.2.1 with simplifier
16708 variables, 8580 clauses
SAT checker inconsistent: instance is UNSATISFIABLE
Runtime decision procedure: 0.134s

** Results:
[read.overflow.1] arithmetic overflow on signed to unsigned type conversion in (unsigned long int)nread: SUCCESS
[read.overflow.2] arithmetic overflow on unsigned + in i + 1ul: SUCCESS
[read.overflow.3] arithmetic overflow on unsigned + in i + 1ul: SUCCESS
[s2n_stuffer_recv_from_fd.overflow.1] arithmetic overflow on unsigned - in stuffer->write_cursor - len: FAILURE
[s2n_stuffer_recv_from_fd.overflow.2] arithmetic overflow on signed to unsigned type conversion in (unsigned int)r: SUCCESS
[s2n_stuffer_recv_from_fd.overflow.3] arithmetic overflow on unsigned + in stuffer->write_cursor + (unsigned int)r: FAILURE
[s2n_stuffer_send_to_fd.overflow.1] arithmetic overflow on unsigned - in stuffer->read_cursor - len: SUCCESS
[s2n_stuffer_send_to_fd.overflow.2] arithmetic overflow on signed to unsigned type conversion in (unsigned int)w: SUCCESS
[s2n_stuffer_send_to_fd.overflow.3] arithmetic overflow on unsigned + in stuffer->read_cursor + (unsigned int)w: SUCCESS
[s2n_stuffer_alloc_ro_from_fd.overflow.1] arithmetic overflow on signed to unsigned type conversion in (unsigned long int)st.st_size: SUCCESS
[s2n_stuffer_alloc_ro_from_fd.overflow.2] arithmetic overflow on signed to unsigned type conversion in (unsigned int)st.st_size: SUCCESS

** 2 of 11 failed (2 iterations)
VERIFICATION FAILED
