CBMC version 5.4 64-bit x86_64 linux
Parsing ./s2n/stuffer/s2n_stuffer_file.c
Converting
Type-checking s2n_stuffer_file
Generating GOTO Program
Adding CPROVER library (x86_64)
Removal of function pointers and virtual functions
Partial Inlining
Generic Property Instrumentation
Starting Bounded Model Checking
Unwinding loop write.0 iteration 1 (10 max) file <builtin-library-write> line 37 function write thread 0
Unwinding loop write.0 iteration 2 (10 max) file <builtin-library-write> line 37 function write thread 0
Unwinding loop write.0 iteration 3 (10 max) file <builtin-library-write> line 37 function write thread 0
Unwinding loop write.0 iteration 4 (10 max) file <builtin-library-write> line 37 function write thread 0
Unwinding loop write.0 iteration 5 (10 max) file <builtin-library-write> line 37 function write thread 0
Unwinding loop write.0 iteration 6 (10 max) file <builtin-library-write> line 37 function write thread 0
Unwinding loop write.0 iteration 7 (10 max) file <builtin-library-write> line 37 function write thread 0
Unwinding loop write.0 iteration 8 (10 max) file <builtin-library-write> line 37 function write thread 0
Unwinding loop write.0 iteration 9 (10 max) file <builtin-library-write> line 37 function write thread 0
Not unwinding loop write.0 iteration 10 (10 max) file <builtin-library-write> line 37 function write thread 0
size of program expression: 225 steps
simple slicing removed 57 assignments
Generated 22 VCC(s), 22 remaining after simplification
Passing problem to propositional reduction
converting SSA
Running propositional reduction
Post-processing
Solving with MiniSAT 2.2.1 with simplifier
13360 variables, 40965 clauses
SAT checker: instance is SATISFIABLE
Solving with MiniSAT 2.2.1 with simplifier
13360 variables, 9966 clauses
SAT checker: instance is SATISFIABLE
Solving with MiniSAT 2.2.1 with simplifier
13360 variables, 9965 clauses
SAT checker: instance is UNSATISFIABLE
Runtime decision procedure: 0.123s

** Results:
[write.array_bounds.1] array `__CPROVER_pipes' lower bound in __CPROVER_pipes[(signed long int)fildes]: FAILURE
[write.array_bounds.2] array `__CPROVER_pipes' lower bound in __CPROVER_pipes[(signed long int)fildes]: FAILURE
[write.array_bounds.3] array `__CPROVER_pipes'[].data upper bound in __CPROVER_pipes[(signed long int)fildes].data[(signed long int)(i + (unsigned long int)__CPROVER_pipes[(signed long int)fildes].next_avail)]: SUCCESS
[write.array_bounds.4] array `__CPROVER_pipes' lower bound in __CPROVER_pipes[(signed long int)fildes]: FAILURE

** 3 of 4 failed (3 iterations)
VERIFICATION FAILED
